{"message":"Unauthorized request to path: /","level":"error"}
{"message":"Unauthorized request to path: /","level":"error"}
{"message":"Unauthorized request to path: /favicon.ico","level":"error"}
{"message":"Unauthorized request to path: /socketcluster/","level":"error"}
{"message":"Unauthorized request to path: /socketcluster/","level":"error"}
{"message":"Unauthorized request to path: /socketcluster/","level":"error"}
{"message":"Unauthorized request to path: /socketcluster/","level":"error"}
{"message":"Unauthorized request to path: /socketcluster/","level":"error"}
{"message":"Unauthorized request to path: /socketcluster/","level":"error"}
{"message":"Unauthorized request to path: /socketcluster/","level":"error"}
{"message":"Unauthorized request to path: /socketcluster/","level":"error"}
{"message":"Unauthorized request to path: /socketcluster/","level":"error"}
{"message":"Unauthorized request to path: /socketcluster/","level":"error"}
{"message":"Unauthorized request to path: /socketcluster/","level":"error"}
{"message":"Unauthorized request to path: /socketcluster/","level":"error"}
{"message":"Unauthorized request to path: /socketcluster/","level":"error"}
{"message":"Unauthorized request to path: /socketcluster/","level":"error"}
{"message":"Unauthorized request to path: /socketcluster/","level":"error"}
{"message":"Unauthorized request to path: /socketcluster/","level":"error"}
{"message":"Unauthorized request to path: /socketcluster/","level":"error"}
{"message":"Unauthorized request to path: /socketcluster/","level":"error"}
{"message":"Unauthorized request to path: /socketcluster/","level":"error"}
{"message":"Unauthorized request to path: /socketcluster/","level":"error"}
{"message":"Unauthorized request to path: /socketcluster/","level":"error"}
{"message":"Unauthorized request to path: /socketcluster/","level":"error"}
{"message":"Unauthorized request to path: /socketcluster/","level":"error"}
{"message":"Unauthorized request to path: /socketcluster/","level":"error"}
{"message":"Unauthorized request to path: /socketcluster/","level":"error"}
{"message":"Unauthorized request to path: /socketcluster/","level":"error"}
{"message":"Unauthorized request to path: /socketcluster/","level":"error"}
{"message":"Unauthorized request to path: /socketcluster/","level":"error"}
{"message":"Unauthorized request to path: /socketcluster/","level":"error"}
{"message":"Unauthorized request to path: /socketcluster/","level":"error"}
{"message":"Unauthorized request to path: /socketcluster/","level":"error"}
{"message":"Unauthorized request to path: /socketcluster/","level":"error"}
{"message":"Unauthorized request to path: /socketcluster/","level":"error"}
{"message":"Unauthorized request to path: /socketcluster/","level":"error"}
{"message":"Unauthorized request to path: /socketcluster/","level":"error"}
{"message":"Unauthorized request to path: /socketcluster/","level":"error"}
{"message":"Unauthorized request to path: /socketcluster/","level":"error"}
{"message":"Unauthorized request to path: /socketcluster/","level":"error"}
{"message":"Unauthorized request to path: /socketcluster/","level":"error"}
{"message":"Unauthorized request to path: /socketcluster/","level":"error"}
{"message":"Unauthorized request to path: /socketcluster/","level":"error"}
{"message":"Unauthorized request to path: /socketcluster/","level":"error"}
{"message":"Unauthorized request to path: /socketcluster/","level":"error"}
{"message":"Unauthorized request to path: /socketcluster/","level":"error"}
{"message":"Unauthorized request to path: /socketcluster/","level":"error"}
{"message":"Unauthorized request to path: /socketcluster/","level":"error"}
{"message":"Unauthorized request to path: /socketcluster/","level":"error"}
{"message":"Unauthorized request to path: /socketcluster/","level":"error"}
{"message":"Unauthorized request to path: /socketcluster/","level":"error"}
{"message":"Unauthorized request to path: /socketcluster/","level":"error"}
{"message":"Unauthorized request to path: /socketcluster/","level":"error"}
{"message":"Unauthorized request to path: /socketcluster/","level":"error"}
{"message":"Unauthorized request to path: /socketcluster/","level":"error"}
{"message":"Unauthorized request to path: /socketcluster/","level":"error"}
{"message":"Unauthorized request to path: /socketcluster/","level":"error"}
{"message":"Unauthorized request to path: /socketcluster/","level":"error"}
{"message":"Unauthorized request to path: /socketcluster/","level":"error"}
{"message":"Unauthorized request to path: /socketcluster/","level":"error"}
{"message":"Unauthorized request to path: /socketcluster/","level":"error"}
{"message":"Unauthorized request to path: /socketcluster/","level":"error"}
{"message":"Unauthorized request to path: /socketcluster/","level":"error"}
{"message":"Unauthorized request to path: /","level":"error"}
{"message":"Unauthorized request to path: /","level":"error"}
{"message":"Unauthorized request to path: /card","level":"error"}
{"message":"Card with id hi not found","level":"error"}
{"message":"Unauthorized request to path: /socketcluster/","level":"error"}
{"message":"Unauthorized request to path: /socketcluster/","level":"error"}
{"message":"Unauthorized request to path: /socketcluster/","level":"error"}
{"message":"Unauthorized request to path: /socketcluster/","level":"error"}
{"message":"Unauthorized request to path: /socketcluster/","level":"error"}
{"message":"Card with id 2 not found","level":"error"}
{"message":"List with id 1 not found.","level":"error"}
{"message":"List with id 1 not found.","level":"error"}
{"message":"List with id 2 not found.","level":"error"}
{"message":"List with id hi not found.","level":"error"}
{"message":"Title is required","level":"error"}
{"message":"Title is required","level":"error"}
{"message":"Content is required","level":"error"}
{"message":"Header is required","level":"error"}
{"message":"Header is required","level":"error"}
{"message":"Unauthorized request to path: /card","level":"error"}
{"message":"Card with id 2 not found","level":"error"}
{"message":"List with id 1 deleted. ","level":"info"}
{"message":"List with id 1 not found.","level":"error"}
{"message":"Title is required","level":"error"}
{"message":"Title is required","level":"error"}
{"message":"Title is required","level":"error"}
